c:\users\letsd\visual studio workspace\bindumodules\wavesandvalleys\bin\x64\debug\vc143.pdb
c:\users\letsd\visual studio workspace\bindumodules\wavesandvalleys\bin\x64\debug\vc143.idb
c:\users\letsd\visual studio workspace\bindumodules\wavesandvalleys\bin\x64\debug\main.obj
c:\users\letsd\visual studio workspace\bindumodules\wavesandvalleys\bin\x64\debug\wavesandvalleys.obj
c:\users\letsd\visual studio workspace\bindumodules\wavesandvalleys\bin\x64\debug\wavesandvalleys.pdb
c:\users\letsd\visual studio workspace\bindumodules\wavesandvalleys\bin\x64\debug\wavesandvalleys.vcxproj.filelistabsolute.txt
c:\users\letsd\visual studio workspace\bindumodules\wavesandvalleys\bin\x64\debug\wavesandvalleys.tlog\cl.command.1.tlog
c:\users\letsd\visual studio workspace\bindumodules\wavesandvalleys\bin\x64\debug\wavesandvalleys.tlog\cl.items.tlog
c:\users\letsd\visual studio workspace\bindumodules\wavesandvalleys\bin\x64\debug\wavesandvalleys.tlog\cl.read.1.tlog
c:\users\letsd\visual studio workspace\bindumodules\wavesandvalleys\bin\x64\debug\wavesandvalleys.tlog\cl.write.1.tlog
c:\users\letsd\visual studio workspace\bindumodules\wavesandvalleys\bin\x64\debug\wavesandvalleys.tlog\link-cvtres.read.1.tlog
c:\users\letsd\visual studio workspace\bindumodules\wavesandvalleys\bin\x64\debug\wavesandvalleys.tlog\link-cvtres.write.1.tlog
c:\users\letsd\visual studio workspace\bindumodules\wavesandvalleys\bin\x64\debug\wavesandvalleys.tlog\link-rc.read.1.tlog
c:\users\letsd\visual studio workspace\bindumodules\wavesandvalleys\bin\x64\debug\wavesandvalleys.tlog\link-rc.write.1.tlog
c:\users\letsd\visual studio workspace\bindumodules\wavesandvalleys\bin\x64\debug\wavesandvalleys.tlog\link.22504-cvtres.read.1.tlog
c:\users\letsd\visual studio workspace\bindumodules\wavesandvalleys\bin\x64\debug\wavesandvalleys.tlog\link.22504-cvtres.write.1.tlog
c:\users\letsd\visual studio workspace\bindumodules\wavesandvalleys\bin\x64\debug\wavesandvalleys.tlog\link.22504-rc.read.1.tlog
c:\users\letsd\visual studio workspace\bindumodules\wavesandvalleys\bin\x64\debug\wavesandvalleys.tlog\link.22504-rc.write.1.tlog
c:\users\letsd\visual studio workspace\bindumodules\wavesandvalleys\bin\x64\debug\wavesandvalleys.tlog\link.22504.read.1.tlog
c:\users\letsd\visual studio workspace\bindumodules\wavesandvalleys\bin\x64\debug\wavesandvalleys.tlog\link.22504.read.2.tlog
c:\users\letsd\visual studio workspace\bindumodules\wavesandvalleys\bin\x64\debug\wavesandvalleys.tlog\link.22504.write.1.tlog
c:\users\letsd\visual studio workspace\bindumodules\wavesandvalleys\bin\x64\debug\wavesandvalleys.tlog\link.command.1.tlog
c:\users\letsd\visual studio workspace\bindumodules\wavesandvalleys\bin\x64\debug\wavesandvalleys.tlog\link.read.1.tlog
c:\users\letsd\visual studio workspace\bindumodules\wavesandvalleys\bin\x64\debug\wavesandvalleys.tlog\link.read.2.tlog
c:\users\letsd\visual studio workspace\bindumodules\wavesandvalleys\bin\x64\debug\wavesandvalleys.tlog\link.write.1.tlog
